{"/Users/rabindranathferreira/Documents/node_tdd/src/server.js": {"path":"/Users/rabindranathferreira/Documents/node_tdd/src/server.js","statementMap":{"0":{"start":{"line":1,"column":16},"end":{"line":1,"column":34}},"1":{"start":{"line":2,"column":14},"end":{"line":2,"column":30}},"2":{"start":{"line":3,"column":12},"end":{"line":3,"column":21}},"3":{"start":{"line":4,"column":19},"end":{"line":4,"column":41}},"4":{"start":{"line":6,"column":26},"end":{"line":6,"column":60}},"5":{"start":{"line":7,"column":26},"end":{"line":7,"column":55}},"6":{"start":{"line":10,"column":0},"end":{"line":10,"column":52}},"7":{"start":{"line":12,"column":0},"end":{"line":12,"column":27}},"8":{"start":{"line":15,"column":18},"end":{"line":15,"column":34}},"9":{"start":{"line":16,"column":18},"end":{"line":16,"column":34}},"10":{"start":{"line":19,"column":0},"end":{"line":19,"column":33}},"11":{"start":{"line":20,"column":0},"end":{"line":20,"column":50}},"12":{"start":{"line":21,"column":0},"end":{"line":21,"column":52}},"13":{"start":{"line":22,"column":0},"end":{"line":22,"column":58}},"14":{"start":{"line":25,"column":0},"end":{"line":25,"column":33}},"15":{"start":{"line":26,"column":0},"end":{"line":26,"column":50}},"16":{"start":{"line":27,"column":0},"end":{"line":27,"column":52}},"17":{"start":{"line":28,"column":0},"end":{"line":28,"column":58}},"18":{"start":{"line":30,"column":0},"end":{"line":30,"column":21}}},"fnMap":{},"branchMap":{},"s":{"0":1,"1":1,"2":1,"3":1,"4":1,"5":1,"6":1,"7":1,"8":1,"9":1,"10":1,"11":1,"12":1,"13":1,"14":1,"15":1,"16":1,"17":1,"18":1},"f":{},"b":{},"_coverageSchema":"1a1c01bbd47fc00a2c39e90264f33305004495a9","hash":"b1b30c2496787a33d9b2ee1a419c36b0cab5a9e7"}
,"/Users/rabindranathferreira/Documents/node_tdd/src/api/middlewares/authenticated.js": {"path":"/Users/rabindranathferreira/Documents/node_tdd/src/api/middlewares/authenticated.js","statementMap":{"0":{"start":{"line":2,"column":22},"end":{"line":12,"column":1}},"1":{"start":{"line":3,"column":17},"end":{"line":3,"column":38}},"2":{"start":{"line":4,"column":4},"end":{"line":10,"column":5}},"3":{"start":{"line":5,"column":8},"end":{"line":9,"column":11}},"4":{"start":{"line":11,"column":4},"end":{"line":11,"column":11}},"5":{"start":{"line":14,"column":0},"end":{"line":14,"column":31}}},"fnMap":{"0":{"name":"(anonymous_0)","decl":{"start":{"line":2,"column":22},"end":{"line":2,"column":23}},"loc":{"start":{"line":2,"column":42},"end":{"line":12,"column":1}},"line":2}},"branchMap":{"0":{"loc":{"start":{"line":4,"column":4},"end":{"line":10,"column":5}},"type":"if","locations":[{"start":{"line":4,"column":4},"end":{"line":10,"column":5}},{"start":{"line":4,"column":4},"end":{"line":10,"column":5}}],"line":4}},"s":{"0":2,"1":3,"2":3,"3":1,"4":2,"5":2},"f":{"0":3},"b":{"0":[1,2]},"_coverageSchema":"1a1c01bbd47fc00a2c39e90264f33305004495a9","hash":"ba1ce43623c1a10a8e4ee5db594f39724c1010d2"}
,"/Users/rabindranathferreira/Documents/node_tdd/src/api/middlewares/index.js": {"path":"/Users/rabindranathferreira/Documents/node_tdd/src/api/middlewares/index.js","statementMap":{"0":{"start":{"line":1,"column":22},"end":{"line":1,"column":48}},"1":{"start":{"line":3,"column":0},"end":{"line":5,"column":1}}},"fnMap":{},"branchMap":{},"s":{"0":1,"1":1},"f":{},"b":{},"_coverageSchema":"1a1c01bbd47fc00a2c39e90264f33305004495a9","hash":"54312003d9412db7d685bffb9eba72ba139898b7"}
,"/Users/rabindranathferreira/Documents/node_tdd/src/api/routes/index.js": {"path":"/Users/rabindranathferreira/Documents/node_tdd/src/api/routes/index.js","statementMap":{"0":{"start":{"line":1,"column":14},"end":{"line":1,"column":38}},"1":{"start":{"line":2,"column":14},"end":{"line":2,"column":37}},"2":{"start":{"line":4,"column":0},"end":{"line":7,"column":1}}},"fnMap":{},"branchMap":{},"s":{"0":1,"1":1,"2":1},"f":{},"b":{},"_coverageSchema":"1a1c01bbd47fc00a2c39e90264f33305004495a9","hash":"c5de7078bb3cad335f2dc6c43d7b113588e239f9"}
,"/Users/rabindranathferreira/Documents/node_tdd/src/api/routes/posts/post.js": {"path":"/Users/rabindranathferreira/Documents/node_tdd/src/api/routes/posts/post.js","statementMap":{"0":{"start":{"line":1,"column":21},"end":{"line":49,"column":2}},"1":{"start":{"line":1,"column":37},"end":{"line":49,"column":1}},"2":{"start":{"line":3,"column":25},"end":{"line":3,"column":86}},"3":{"start":{"line":4,"column":8},"end":{"line":9,"column":9}},"4":{"start":{"line":5,"column":12},"end":{"line":8,"column":15}},"5":{"start":{"line":10,"column":8},"end":{"line":14,"column":11}},"6":{"start":{"line":17,"column":25},"end":{"line":17,"column":28}},"7":{"start":{"line":18,"column":32},"end":{"line":18,"column":93}},"8":{"start":{"line":19,"column":24},"end":{"line":19,"column":67}},"9":{"start":{"line":19,"column":41},"end":{"line":19,"column":65}},"10":{"start":{"line":20,"column":8},"end":{"line":26,"column":9}},"11":{"start":{"line":21,"column":27},"end":{"line":21,"column":95}},"12":{"start":{"line":22,"column":12},"end":{"line":25,"column":15}},"13":{"start":{"line":27,"column":8},"end":{"line":30,"column":11}},"14":{"start":{"line":33,"column":23},"end":{"line":33,"column":33}},"15":{"start":{"line":34,"column":25},"end":{"line":34,"column":28}},"16":{"start":{"line":35,"column":23},"end":{"line":35,"column":96}},"17":{"start":{"line":36,"column":8},"end":{"line":39,"column":11}},"18":{"start":{"line":42,"column":23},"end":{"line":42,"column":33}},"19":{"start":{"line":43,"column":8},"end":{"line":43,"column":79}},"20":{"start":{"line":44,"column":8},"end":{"line":47,"column":11}},"21":{"start":{"line":51,"column":0},"end":{"line":51,"column":30}}},"fnMap":{"0":{"name":"(anonymous_0)","decl":{"start":{"line":1,"column":21},"end":{"line":1,"column":22}},"loc":{"start":{"line":1,"column":37},"end":{"line":49,"column":1}},"line":1},"1":{"name":"(anonymous_1)","decl":{"start":{"line":2,"column":9},"end":{"line":2,"column":10}},"loc":{"start":{"line":2,"column":28},"end":{"line":15,"column":5}},"line":2},"2":{"name":"(anonymous_2)","decl":{"start":{"line":16,"column":10},"end":{"line":16,"column":11}},"loc":{"start":{"line":16,"column":29},"end":{"line":31,"column":5}},"line":16},"3":{"name":"(anonymous_3)","decl":{"start":{"line":19,"column":36},"end":{"line":19,"column":37}},"loc":{"start":{"line":19,"column":41},"end":{"line":19,"column":65}},"line":19},"4":{"name":"(anonymous_4)","decl":{"start":{"line":32,"column":9},"end":{"line":32,"column":10}},"loc":{"start":{"line":32,"column":28},"end":{"line":40,"column":5}},"line":32},"5":{"name":"(anonymous_5)","decl":{"start":{"line":41,"column":12},"end":{"line":41,"column":13}},"loc":{"start":{"line":41,"column":31},"end":{"line":48,"column":5}},"line":41}},"branchMap":{"0":{"loc":{"start":{"line":4,"column":8},"end":{"line":9,"column":9}},"type":"if","locations":[{"start":{"line":4,"column":8},"end":{"line":9,"column":9}},{"start":{"line":4,"column":8},"end":{"line":9,"column":9}}],"line":4},"1":{"loc":{"start":{"line":4,"column":12},"end":{"line":4,"column":35}},"type":"binary-expr","locations":[{"start":{"line":4,"column":12},"end":{"line":4,"column":16}},{"start":{"line":4,"column":20},"end":{"line":4,"column":35}}],"line":4},"2":{"loc":{"start":{"line":20,"column":8},"end":{"line":26,"column":9}},"type":"if","locations":[{"start":{"line":20,"column":8},"end":{"line":26,"column":9}},{"start":{"line":20,"column":8},"end":{"line":26,"column":9}}],"line":20}},"s":{"0":2,"1":6,"2":1,"3":1,"4":1,"5":0,"6":3,"7":3,"8":3,"9":9,"10":3,"11":2,"12":2,"13":1,"14":1,"15":1,"16":1,"17":1,"18":1,"19":1,"20":1,"21":2},"f":{"0":6,"1":1,"2":3,"3":9,"4":1,"5":1},"b":{"0":[1,0],"1":[1,1],"2":[2,1]},"_coverageSchema":"1a1c01bbd47fc00a2c39e90264f33305004495a9","hash":"6ab2cf5302dcbaada0a9e3a504ea3a703fde4be8"}
,"/Users/rabindranathferreira/Documents/node_tdd/src/api/routes/users/users.js": {"path":"/Users/rabindranathferreira/Documents/node_tdd/src/api/routes/users/users.js","statementMap":{"0":{"start":{"line":1,"column":17},"end":{"line":34,"column":2}},"1":{"start":{"line":1,"column":33},"end":{"line":34,"column":1}},"2":{"start":{"line":3,"column":23},"end":{"line":3,"column":84}},"3":{"start":{"line":4,"column":8},"end":{"line":7,"column":11}},"4":{"start":{"line":10,"column":25},"end":{"line":10,"column":28}},"5":{"start":{"line":11,"column":23},"end":{"line":11,"column":91}},"6":{"start":{"line":12,"column":8},"end":{"line":15,"column":11}},"7":{"start":{"line":18,"column":23},"end":{"line":18,"column":33}},"8":{"start":{"line":19,"column":25},"end":{"line":19,"column":28}},"9":{"start":{"line":20,"column":8},"end":{"line":20,"column":82}},"10":{"start":{"line":21,"column":8},"end":{"line":24,"column":11}},"11":{"start":{"line":27,"column":23},"end":{"line":27,"column":33}},"12":{"start":{"line":28,"column":8},"end":{"line":28,"column":79}},"13":{"start":{"line":29,"column":8},"end":{"line":32,"column":11}},"14":{"start":{"line":36,"column":0},"end":{"line":36,"column":26}}},"fnMap":{"0":{"name":"(anonymous_0)","decl":{"start":{"line":1,"column":17},"end":{"line":1,"column":18}},"loc":{"start":{"line":1,"column":33},"end":{"line":34,"column":1}},"line":1},"1":{"name":"(anonymous_1)","decl":{"start":{"line":2,"column":9},"end":{"line":2,"column":10}},"loc":{"start":{"line":2,"column":28},"end":{"line":8,"column":5}},"line":2},"2":{"name":"(anonymous_2)","decl":{"start":{"line":9,"column":10},"end":{"line":9,"column":11}},"loc":{"start":{"line":9,"column":29},"end":{"line":16,"column":5}},"line":9},"3":{"name":"(anonymous_3)","decl":{"start":{"line":17,"column":9},"end":{"line":17,"column":10}},"loc":{"start":{"line":17,"column":28},"end":{"line":25,"column":5}},"line":17},"4":{"name":"(anonymous_4)","decl":{"start":{"line":26,"column":12},"end":{"line":26,"column":13}},"loc":{"start":{"line":26,"column":31},"end":{"line":33,"column":5}},"line":26}},"branchMap":{},"s":{"0":2,"1":5,"2":1,"3":1,"4":1,"5":1,"6":1,"7":1,"8":1,"9":1,"10":1,"11":1,"12":1,"13":1,"14":2},"f":{"0":5,"1":1,"2":1,"3":1,"4":1},"b":{},"_coverageSchema":"1a1c01bbd47fc00a2c39e90264f33305004495a9","hash":"9dcb9c095de307a2ca47cc27ed2c255957a6cf48"}
}
